<?xml version="1.0" encoding="UTF-8"?>
<!-- Generated by org.testng.reporters.JUnitReportReporter -->
<testsuite hostname="LAPTOP-IFFP6P5H" failures="0" tests="1" name="Test_Cases.DisapperingElement" time="23.239" errors="0" timestamp="2023-09-07T12:58:56 IST" skipped="0">
  <testcase classname="Test_Cases.DisapperingElement" name="findDisapperElement" time="23.239"/>
  <system-out/>
</testsuite> <!-- Test_Cases.DisapperingElement -->
