<?xml version="1.0" encoding="UTF-8"?>
<!-- Generated by org.testng.reporters.JUnitReportReporter -->
<testsuite hostname="LAPTOP-IFFP6P5H" failures="0" tests="1" name="Test_Cases.ContextClick" time="2.973" errors="0" timestamp="2023-09-07T12:23:39 IST" skipped="0">
  <testcase classname="Test_Cases.ContextClick" name="performContextClick" time="2.973"/>
  <system-out/>
</testsuite> <!-- Test_Cases.ContextClick -->
