<?xml version="1.0" encoding="UTF-8"?>
<!-- Generated by org.testng.reporters.JUnitReportReporter -->
<testsuite hostname="LAPTOP-IFFP6P5H" failures="0" tests="1" name="Test_Cases.WindowHandling" time="1.172" errors="0" timestamp="2023-09-19T14:38:25 IST" skipped="0">
  <testcase classname="Test_Cases.WindowHandling" name="handleWindow" time="1.172"/>
  <system-out/>
</testsuite> <!-- Test_Cases.WindowHandling -->
