<?xml version="1.0" encoding="UTF-8"?>
<!-- Generated by org.testng.reporters.JUnitReportReporter -->
<testsuite hostname="LAPTOP-IFFP6P5H" failures="0" tests="1" name="Test_Cases.FramesHandling" time="2.935" errors="0" timestamp="2023-09-16T16:50:53 IST" skipped="0">
  <testcase classname="Test_Cases.FramesHandling" name="handlingiFrame" time="2.935"/>
  <system-out/>
</testsuite> <!-- Test_Cases.FramesHandling -->
