<?xml version="1.0" encoding="UTF-8"?>
<!-- Generated by org.testng.reporters.JUnitReportReporter -->
<testsuite hostname="LAPTOP-IFFP6P5H" failures="0" tests="1" name="Test_Cases.CheckBox" time="0.567" errors="0" timestamp="2023-09-27T13:53:27 IST" skipped="0">
  <testcase classname="Test_Cases.CheckBox" name="clickCheckbox" time="0.567"/>
  <system-out/>
</testsuite> <!-- Test_Cases.CheckBox -->
