<?xml version="1.0" encoding="UTF-8"?>
<!-- Generated by org.testng.reporters.JUnitReportReporter -->
<testsuite hostname="LAPTOP-IFFP6P5H" failures="0" tests="1" name="Test_Cases.FormAuthentication" time="16.081" errors="0" timestamp="2023-09-16T15:33:48 IST" skipped="0">
  <testcase classname="Test_Cases.FormAuthentication" name="formAuthentication" time="16.081"/>
  <system-out/>
</testsuite> <!-- Test_Cases.FormAuthentication -->
