<?xml version="1.0" encoding="UTF-8"?>
<!-- Generated by org.testng.reporters.JUnitReportReporter -->
<testsuite hostname="LAPTOP-IFFP6P5H" failures="0" tests="3" name="Test_Cases.AlertHandling" time="19.666" errors="0" timestamp="2023-09-29T13:20:51 IST" skipped="0">
  <testcase classname="Test_Cases.AlertHandling" name="handlingSimpleAlert" time="5.318"/>
  <system-out/>
  <testcase classname="Test_Cases.AlertHandling" name="handlingConfirmationAlert" time="5.580"/>
  <system-out/>
  <testcase classname="Test_Cases.AlertHandling" name="handlingPromptAlert" time="8.768"/>
  <system-out/>
</testsuite> <!-- Test_Cases.AlertHandling -->
