<?xml version="1.0" encoding="UTF-8"?>
<!-- Generated by org.testng.reporters.JUnitReportReporter -->
<testsuite hostname="LAPTOP-IFFP6P5H" failures="0" tests="1" name="Test_Cases.InfiniteScroll" time="10.681" errors="0" timestamp="2023-09-18T14:58:31 IST" skipped="0">
  <testcase classname="Test_Cases.InfiniteScroll" name="handlingScroling" time="10.681"/>
  <system-out/>
</testsuite> <!-- Test_Cases.InfiniteScroll -->
