<?xml version="1.0" encoding="UTF-8"?>
<!-- Generated by org.testng.reporters.JUnitReportReporter -->
<testsuite hostname="LAPTOP-IFFP6P5H" failures="0" tests="1" name="Test_Cases.BrokenImages" time="5.518" errors="0" timestamp="2023-09-06T15:37:24 IST" skipped="0">
  <testcase classname="Test_Cases.BrokenImages" name="checkBrokenImages" time="5.518"/>
  <system-out/>
</testsuite> <!-- Test_Cases.BrokenImages -->
