<?xml version="1.0" encoding="UTF-8"?>
<!-- Generated by org.testng.reporters.JUnitReportReporter -->
<testsuite hostname="LAPTOP-IFFP6P5H" failures="0" tests="1" name="Test_Cases.DragAndDrop" time="61.071" errors="0" timestamp="2023-09-07T13:14:14 IST" skipped="0">
  <testcase classname="Test_Cases.DragAndDrop" name="performDragAndDrop" time="61.071"/>
  <system-out/>
</testsuite> <!-- Test_Cases.DragAndDrop -->
