<?xml version="1.0" encoding="UTF-8"?>
<!-- Generated by org.testng.reporters.JUnitReportReporter -->
<testsuite hostname="LAPTOP-IFFP6P5H" failures="0" tests="1" name="Test_Cases.HorizontalSlider" time="0.938" errors="0" timestamp="2023-09-18T14:30:48 IST" skipped="0">
  <testcase classname="Test_Cases.HorizontalSlider" name="handlingSlider" time="0.938"/>
  <system-out/>
</testsuite> <!-- Test_Cases.HorizontalSlider -->
