<?xml version="1.0" encoding="UTF-8"?>
<!-- Generated by org.testng.reporters.JUnitReportReporter -->
<testsuite hostname="LAPTOP-IFFP6P5H" failures="0" tests="1" name="Test_Cases.KeyPressEvent" time="8.789" errors="0" timestamp="2023-09-19T14:21:11 IST" skipped="0">
  <testcase classname="Test_Cases.KeyPressEvent" name="keyPressAction" time="8.789"/>
  <system-out/>
</testsuite> <!-- Test_Cases.KeyPressEvent -->
