<?xml version="1.0" encoding="UTF-8"?>
<!-- Generated by org.testng.reporters.JUnitReportReporter -->
<testsuite hostname="LAPTOP-IFFP6P5H" failures="0" tests="1" name="Test_Cases.AddRemoveElement" time="11.941" errors="0" timestamp="2023-09-06T15:30:18 IST" skipped="0">
  <testcase classname="Test_Cases.AddRemoveElement" name="addRemoveElement" time="11.941"/>
  <system-out/>
</testsuite> <!-- Test_Cases.AddRemoveElement -->
