<?xml version="1.0" encoding="UTF-8"?>
<!-- Generated by org.testng.reporters.JUnitReportReporter -->
<testsuite hostname="LAPTOP-IFFP6P5H" failures="0" tests="1" name="Test_Cases.Hovers" time="0.977" errors="0" timestamp="2023-09-18T14:45:20 IST" skipped="0">
  <testcase classname="Test_Cases.Hovers" name="handlingHovers" time="0.977"/>
  <system-out/>
</testsuite> <!-- Test_Cases.Hovers -->
