<?xml version="1.0" encoding="UTF-8"?>
<!-- Generated by org.testng.reporters.JUnitReportReporter -->
<testsuite hostname="LAPTOP-IFFP6P5H" failures="0" tests="1" name="Test_Cases.DynamicLoading" time="6.534" errors="0" timestamp="2023-09-13T15:12:17 IST" skipped="0">
  <testcase classname="Test_Cases.DynamicLoading" name="checkDynamicLoadingOfElement" time="6.534"/>
  <system-out/>
</testsuite> <!-- Test_Cases.DynamicLoading -->
