<?xml version="1.0" encoding="UTF-8"?>
<!-- Generated by org.testng.reporters.JUnitReportReporter -->
<testsuite hostname="LAPTOP-IFFP6P5H" failures="0" tests="1" name="Test_Cases.DropDown" time="0.921" errors="0" timestamp="2023-09-21T11:47:08 IST" skipped="0">
  <testcase classname="Test_Cases.DropDown" name="handleDropdown" time="0.921"/>
  <system-out/>
</testsuite> <!-- Test_Cases.DropDown -->
