<?xml version="1.0" encoding="UTF-8"?>
<!-- Generated by org.testng.reporters.JUnitReportReporter -->
<testsuite hostname="LAPTOP-IFFP6P5H" failures="0" tests="3" name="Test_Cases.AlertHandling" time="0.792" errors="0" timestamp="2023-09-18T15:59:11 IST" skipped="0">
  <testcase classname="Test_Cases.AlertHandling" name="handlingSimpleAlert" time="0.592"/>
  <system-out/>
  <testcase classname="Test_Cases.AlertHandling" name="handlingConfirmationAlert" time="0.098"/>
  <system-out/>
  <testcase classname="Test_Cases.AlertHandling" name="handlingPromptAlert" time="0.102"/>
  <system-out/>
</testsuite> <!-- Test_Cases.AlertHandling -->
